[2015-12-11 16:42:44 main] org.springframework.context.support.AbstractApplicationContext 510: Refreshing org.springframework.context.support.ClassPathXmlApplicationContext@cb51256: startup date [Fri Dec 11 16:42:44 CST 2015]; root of context hierarchy
[2015-12-11 16:42:44 main] org.springframework.beans.factory.xml.XmlBeanDefinitionReader 317: Loading XML bean definitions from class path resource [applicationContext.xml]
[2015-12-11 16:42:44 main] org.springframework.beans.factory.xml.XmlBeanDefinitionReader 317: Loading XML bean definitions from class path resource [conf/core/dev-context.xml]
[2015-12-11 16:42:44 main] org.springframework.beans.factory.xml.XmlBeanDefinitionReader 317: Loading XML bean definitions from class path resource [conf/module/spring-datasource.xml]
[2015-12-11 16:42:44 main] org.springframework.beans.factory.xml.XmlBeanDefinitionReader 317: Loading XML bean definitions from class path resource [conf/module/redis-context.xml]
[2015-12-11 16:42:44 main] org.springframework.beans.factory.xml.XmlBeanDefinitionReader 317: Loading XML bean definitions from class path resource [conf/module/activemq-context.xml]
[2015-12-11 16:42:44 main] org.springframework.beans.factory.xml.XmlBeanDefinitionReader 317: Loading XML bean definitions from class path resource [conf/module/mongo-context.xml]
[2015-12-11 16:42:45 main] org.springframework.core.io.support.PropertiesLoaderSupport 172: Loading properties file from class path resource [conf/custom/dev-conf.properties]
[2015-12-11 16:42:45 main] org.springframework.core.io.support.PropertiesLoaderSupport 172: Loading properties file from class path resource [conf/custom/dev-env.properties]
[2015-12-11 16:43:07 main] org.springframework.context.support.AbstractApplicationContext 510: Refreshing org.springframework.context.support.ClassPathXmlApplicationContext@cb51256: startup date [Fri Dec 11 16:43:07 CST 2015]; root of context hierarchy
[2015-12-11 16:43:07 main] org.springframework.beans.factory.xml.XmlBeanDefinitionReader 317: Loading XML bean definitions from class path resource [applicationContext.xml]
[2015-12-11 16:43:07 main] org.springframework.beans.factory.xml.XmlBeanDefinitionReader 317: Loading XML bean definitions from class path resource [conf/core/dev-context.xml]
[2015-12-11 16:43:07 main] org.springframework.beans.factory.xml.XmlBeanDefinitionReader 317: Loading XML bean definitions from class path resource [conf/module/spring-datasource.xml]
[2015-12-11 16:43:07 main] org.springframework.beans.factory.xml.XmlBeanDefinitionReader 317: Loading XML bean definitions from class path resource [conf/module/redis-context.xml]
[2015-12-11 16:43:07 main] org.springframework.beans.factory.xml.XmlBeanDefinitionReader 317: Loading XML bean definitions from class path resource [conf/module/activemq-context.xml]
[2015-12-11 16:43:08 main] org.springframework.beans.factory.xml.XmlBeanDefinitionReader 317: Loading XML bean definitions from class path resource [conf/module/mongo-context.xml]
[2015-12-11 16:43:08 main] org.springframework.core.io.support.PropertiesLoaderSupport 172: Loading properties file from class path resource [conf/custom/dev-conf.properties]
[2015-12-11 16:43:08 main] org.springframework.core.io.support.PropertiesLoaderSupport 172: Loading properties file from class path resource [conf/custom/dev-env.properties]
[2015-12-14 15:05:36 main] org.springframework.context.support.AbstractApplicationContext 510: Refreshing org.springframework.context.support.ClassPathXmlApplicationContext@cb51256: startup date [Mon Dec 14 15:05:36 CST 2015]; root of context hierarchy
[2015-12-14 15:05:36 main] org.springframework.beans.factory.xml.XmlBeanDefinitionReader 317: Loading XML bean definitions from class path resource [applicationContext.xml]
[2015-12-14 15:05:37 main] org.springframework.beans.factory.xml.XmlBeanDefinitionReader 317: Loading XML bean definitions from class path resource [conf/core/dev-context.xml]
[2015-12-14 15:05:37 main] org.springframework.beans.factory.xml.XmlBeanDefinitionReader 317: Loading XML bean definitions from class path resource [conf/module/spring-datasource.xml]
[2015-12-14 15:05:37 main] org.springframework.beans.factory.xml.XmlBeanDefinitionReader 317: Loading XML bean definitions from class path resource [conf/module/redis-context.xml]
[2015-12-14 15:05:37 main] org.springframework.beans.factory.xml.XmlBeanDefinitionReader 317: Loading XML bean definitions from class path resource [conf/module/activemq-context.xml]
[2015-12-14 15:05:37 main] org.springframework.core.io.support.PropertiesLoaderSupport 172: Loading properties file from class path resource [conf/custom/dev-conf.properties]
[2015-12-14 15:05:37 main] org.springframework.core.io.support.PropertiesLoaderSupport 172: Loading properties file from class path resource [conf/custom/dev-env.properties]
[2015-12-14 15:06:06 main] org.springframework.context.support.AbstractApplicationContext 510: Refreshing org.springframework.context.support.ClassPathXmlApplicationContext@cb51256: startup date [Mon Dec 14 15:06:06 CST 2015]; root of context hierarchy
[2015-12-14 15:06:06 main] org.springframework.beans.factory.xml.XmlBeanDefinitionReader 317: Loading XML bean definitions from class path resource [applicationContext.xml]
[2015-12-14 15:06:06 main] org.springframework.beans.factory.xml.XmlBeanDefinitionReader 317: Loading XML bean definitions from class path resource [conf/core/dev-context.xml]
[2015-12-14 15:06:06 main] org.springframework.beans.factory.xml.XmlBeanDefinitionReader 317: Loading XML bean definitions from class path resource [conf/module/spring-datasource.xml]
[2015-12-14 15:06:06 main] org.springframework.beans.factory.xml.XmlBeanDefinitionReader 317: Loading XML bean definitions from class path resource [conf/module/redis-context.xml]
[2015-12-14 15:06:06 main] org.springframework.beans.factory.xml.XmlBeanDefinitionReader 317: Loading XML bean definitions from class path resource [conf/module/activemq-context.xml]
[2015-12-14 15:06:06 main] org.springframework.core.io.support.PropertiesLoaderSupport 172: Loading properties file from class path resource [conf/custom/dev-conf.properties]
[2015-12-14 15:06:06 main] org.springframework.core.io.support.PropertiesLoaderSupport 172: Loading properties file from class path resource [conf/custom/dev-env.properties]
[2015-12-14 15:08:00 main] org.springframework.context.support.AbstractApplicationContext 510: Refreshing org.springframework.context.support.ClassPathXmlApplicationContext@cb51256: startup date [Mon Dec 14 15:08:00 CST 2015]; root of context hierarchy
[2015-12-14 15:08:00 main] org.springframework.beans.factory.xml.XmlBeanDefinitionReader 317: Loading XML bean definitions from class path resource [applicationContext.xml]
[2015-12-14 15:08:00 main] org.springframework.beans.factory.xml.XmlBeanDefinitionReader 317: Loading XML bean definitions from class path resource [conf/core/dev-context.xml]
[2015-12-14 15:08:01 main] org.springframework.beans.factory.xml.XmlBeanDefinitionReader 317: Loading XML bean definitions from class path resource [conf/module/spring-datasource.xml]
[2015-12-14 15:08:01 main] org.springframework.beans.factory.xml.XmlBeanDefinitionReader 317: Loading XML bean definitions from class path resource [conf/module/redis-context.xml]
[2015-12-14 15:08:01 main] org.springframework.beans.factory.xml.XmlBeanDefinitionReader 317: Loading XML bean definitions from class path resource [conf/module/activemq-context.xml]
[2015-12-14 15:08:01 main] org.springframework.core.io.support.PropertiesLoaderSupport 172: Loading properties file from class path resource [conf/custom/dev-conf.properties]
[2015-12-14 15:08:01 main] org.springframework.core.io.support.PropertiesLoaderSupport 172: Loading properties file from class path resource [conf/custom/dev-env.properties]
[2015-12-14 15:08:31 main] org.springframework.context.support.AbstractApplicationContext 510: Refreshing org.springframework.context.support.ClassPathXmlApplicationContext@cb51256: startup date [Mon Dec 14 15:08:31 CST 2015]; root of context hierarchy
[2015-12-14 15:08:31 main] org.springframework.beans.factory.xml.XmlBeanDefinitionReader 317: Loading XML bean definitions from class path resource [applicationContext.xml]
[2015-12-14 15:08:32 main] org.springframework.beans.factory.xml.XmlBeanDefinitionReader 317: Loading XML bean definitions from class path resource [conf/core/dev-context.xml]
[2015-12-14 15:08:32 main] org.springframework.beans.factory.xml.XmlBeanDefinitionReader 317: Loading XML bean definitions from class path resource [conf/module/spring-datasource.xml]
[2015-12-14 15:08:32 main] org.springframework.beans.factory.xml.XmlBeanDefinitionReader 317: Loading XML bean definitions from class path resource [conf/module/redis-context.xml]
[2015-12-14 15:08:32 main] org.springframework.beans.factory.xml.XmlBeanDefinitionReader 317: Loading XML bean definitions from class path resource [conf/module/activemq-context.xml]
[2015-12-14 15:08:34 main] org.springframework.core.io.support.PropertiesLoaderSupport 172: Loading properties file from class path resource [conf/custom/dev-conf.properties]
[2015-12-14 15:08:34 main] org.springframework.core.io.support.PropertiesLoaderSupport 172: Loading properties file from class path resource [conf/custom/dev-env.properties]
[2015-12-14 15:09:31 main] org.springframework.context.support.AbstractApplicationContext 510: Refreshing org.springframework.context.support.ClassPathXmlApplicationContext@cb51256: startup date [Mon Dec 14 15:09:31 CST 2015]; root of context hierarchy
[2015-12-14 15:09:31 main] org.springframework.beans.factory.xml.XmlBeanDefinitionReader 317: Loading XML bean definitions from class path resource [applicationContext.xml]
[2015-12-14 15:09:31 main] org.springframework.beans.factory.xml.XmlBeanDefinitionReader 317: Loading XML bean definitions from class path resource [conf/core/dev-context.xml]
[2015-12-14 15:09:31 main] org.springframework.beans.factory.xml.XmlBeanDefinitionReader 317: Loading XML bean definitions from class path resource [conf/module/spring-datasource.xml]
[2015-12-14 15:09:31 main] org.springframework.beans.factory.xml.XmlBeanDefinitionReader 317: Loading XML bean definitions from class path resource [conf/module/redis-context.xml]
[2015-12-14 15:09:32 main] org.springframework.beans.factory.xml.XmlBeanDefinitionReader 317: Loading XML bean definitions from class path resource [conf/module/activemq-context.xml]
[2015-12-14 15:09:34 main] org.springframework.core.io.support.PropertiesLoaderSupport 172: Loading properties file from class path resource [conf/custom/dev-conf.properties]
[2015-12-14 15:09:34 main] org.springframework.core.io.support.PropertiesLoaderSupport 172: Loading properties file from class path resource [conf/custom/dev-env.properties]
[2015-12-14 15:10:56 main] org.springframework.context.support.AbstractApplicationContext 510: Refreshing org.springframework.context.support.ClassPathXmlApplicationContext@cb51256: startup date [Mon Dec 14 15:10:56 CST 2015]; root of context hierarchy
[2015-12-14 15:10:56 main] org.springframework.beans.factory.xml.XmlBeanDefinitionReader 317: Loading XML bean definitions from class path resource [applicationContext.xml]
[2015-12-14 15:10:56 main] org.springframework.beans.factory.xml.XmlBeanDefinitionReader 317: Loading XML bean definitions from class path resource [conf/core/dev-context.xml]
[2015-12-14 15:10:57 main] org.springframework.beans.factory.xml.XmlBeanDefinitionReader 317: Loading XML bean definitions from class path resource [conf/module/spring-datasource.xml]
[2015-12-14 15:10:57 main] org.springframework.beans.factory.xml.XmlBeanDefinitionReader 317: Loading XML bean definitions from class path resource [conf/module/redis-context.xml]
[2015-12-14 15:10:57 main] org.springframework.beans.factory.xml.XmlBeanDefinitionReader 317: Loading XML bean definitions from class path resource [conf/module/activemq-context.xml]
[2015-12-14 15:10:59 main] org.springframework.core.io.support.PropertiesLoaderSupport 172: Loading properties file from class path resource [conf/custom/dev-conf.properties]
[2015-12-14 15:10:59 main] org.springframework.core.io.support.PropertiesLoaderSupport 172: Loading properties file from class path resource [conf/custom/dev-env.properties]
[2015-12-14 15:15:18 main] org.springframework.context.support.AbstractApplicationContext 510: Refreshing org.springframework.context.support.ClassPathXmlApplicationContext@cb51256: startup date [Mon Dec 14 15:15:18 CST 2015]; root of context hierarchy
[2015-12-14 15:15:19 main] org.springframework.beans.factory.xml.XmlBeanDefinitionReader 317: Loading XML bean definitions from class path resource [applicationContext.xml]
[2015-12-14 15:15:19 main] org.springframework.beans.factory.xml.XmlBeanDefinitionReader 317: Loading XML bean definitions from class path resource [conf/core/dev-context.xml]
[2015-12-14 15:15:19 main] org.springframework.beans.factory.xml.XmlBeanDefinitionReader 317: Loading XML bean definitions from class path resource [conf/module/spring-datasource.xml]
[2015-12-14 15:15:19 main] org.springframework.beans.factory.xml.XmlBeanDefinitionReader 317: Loading XML bean definitions from class path resource [conf/module/redis-context.xml]
[2015-12-14 15:15:19 main] org.springframework.beans.factory.xml.XmlBeanDefinitionReader 317: Loading XML bean definitions from class path resource [conf/module/activemq-context.xml]
[2015-12-14 15:15:21 main] org.springframework.core.io.support.PropertiesLoaderSupport 172: Loading properties file from class path resource [conf/custom/dev-conf.properties]
[2015-12-14 15:15:21 main] org.springframework.core.io.support.PropertiesLoaderSupport 172: Loading properties file from class path resource [conf/custom/dev-env.properties]
