[2015-12-11 16:38:59 main] org.springframework.context.support.AbstractApplicationContext 510: Refreshing org.springframework.context.support.ClassPathXmlApplicationContext@12cdcf4: startup date [Fri Dec 11 16:38:59 CST 2015]; root of context hierarchy
[2015-12-11 16:38:59 main] org.springframework.beans.factory.xml.XmlBeanDefinitionReader 317: Loading XML bean definitions from class path resource [applicationContext.xml]
[2015-12-11 16:38:59 main] org.springframework.beans.factory.xml.XmlBeanDefinitionReader 317: Loading XML bean definitions from class path resource [conf/core/dev-context.xml]
[2015-12-11 16:38:59 main] org.springframework.beans.factory.xml.XmlBeanDefinitionReader 317: Loading XML bean definitions from class path resource [conf/module/spring-datasource.xml]
[2015-12-11 16:38:59 main] org.springframework.beans.factory.xml.XmlBeanDefinitionReader 317: Loading XML bean definitions from class path resource [conf/module/redis-context.xml]
[2015-12-11 16:38:59 main] org.springframework.beans.factory.xml.XmlBeanDefinitionReader 317: Loading XML bean definitions from class path resource [conf/module/activemq-context.xml]
[2015-12-11 16:39:00 main] org.springframework.beans.factory.xml.XmlBeanDefinitionReader 317: Loading XML bean definitions from class path resource [conf/module/mongo-context.xml]
[2015-12-11 16:39:01 main] org.springframework.beans.factory.xml.XmlBeanDefinitionReader 317: Loading XML bean definitions from class path resource [conf/module/mongo-context.xml]
[2015-12-11 16:39:02 main] org.springframework.beans.factory.support.DefaultListableBeanFactory 829: Overriding bean definition for bean 'mongo': replacing [Generic bean: class [org.springframework.data.mongodb.core.MongoFactoryBean]; scope=; abstract=false; lazyInit=false; autowireMode=0; dependencyCheck=0; autowireCandidate=true; primary=false; factoryBeanName=null; factoryMethodName=null; initMethodName=null; destroyMethodName=null] with [Generic bean: class [org.springframework.data.mongodb.core.MongoFactoryBean]; scope=; abstract=false; lazyInit=false; autowireMode=0; dependencyCheck=0; autowireCandidate=true; primary=false; factoryBeanName=null; factoryMethodName=null; initMethodName=null; destroyMethodName=null]
[2015-12-11 16:39:02 main] org.springframework.beans.factory.support.DefaultListableBeanFactory 829: Overriding bean definition for bean 'mongoDbFactory': replacing [Generic bean: class [org.springframework.data.mongodb.core.SimpleMongoDbFactory]; scope=; abstract=false; lazyInit=false; autowireMode=0; dependencyCheck=0; autowireCandidate=true; primary=false; factoryBeanName=null; factoryMethodName=null; initMethodName=null; destroyMethodName=null] with [Generic bean: class [org.springframework.data.mongodb.core.SimpleMongoDbFactory]; scope=; abstract=false; lazyInit=false; autowireMode=0; dependencyCheck=0; autowireCandidate=true; primary=false; factoryBeanName=null; factoryMethodName=null; initMethodName=null; destroyMethodName=null]
[2015-12-11 16:39:02 main] org.springframework.beans.factory.support.DefaultListableBeanFactory 829: Overriding bean definition for bean 'mongoTemplate': replacing [Generic bean: class [org.springframework.data.mongodb.core.MongoTemplate]; scope=; abstract=false; lazyInit=false; autowireMode=0; dependencyCheck=0; autowireCandidate=true; primary=false; factoryBeanName=null; factoryMethodName=null; initMethodName=null; destroyMethodName=null; defined in class path resource [conf/module/mongo-context.xml]] with [Generic bean: class [org.springframework.data.mongodb.core.MongoTemplate]; scope=; abstract=false; lazyInit=false; autowireMode=0; dependencyCheck=0; autowireCandidate=true; primary=false; factoryBeanName=null; factoryMethodName=null; initMethodName=null; destroyMethodName=null; defined in class path resource [conf/module/mongo-context.xml]]
[2015-12-11 16:39:02 main] org.springframework.core.io.support.PropertiesLoaderSupport 172: Loading properties file from class path resource [conf/custom/dev-conf.properties]
[2015-12-11 16:39:02 main] org.springframework.core.io.support.PropertiesLoaderSupport 172: Loading properties file from class path resource [conf/custom/dev-env.properties]
[2015-12-11 16:43:46 main] org.springframework.context.support.AbstractApplicationContext 510: Refreshing org.springframework.context.support.ClassPathXmlApplicationContext@cb51256: startup date [Fri Dec 11 16:43:46 CST 2015]; root of context hierarchy
[2015-12-11 16:43:46 main] org.springframework.beans.factory.xml.XmlBeanDefinitionReader 317: Loading XML bean definitions from class path resource [applicationContext.xml]
[2015-12-11 16:43:46 main] org.springframework.beans.factory.xml.XmlBeanDefinitionReader 317: Loading XML bean definitions from class path resource [conf/core/dev-context.xml]
[2015-12-11 16:43:46 main] org.springframework.beans.factory.xml.XmlBeanDefinitionReader 317: Loading XML bean definitions from class path resource [conf/module/spring-datasource.xml]
[2015-12-11 16:43:46 main] org.springframework.beans.factory.xml.XmlBeanDefinitionReader 317: Loading XML bean definitions from class path resource [conf/module/redis-context.xml]
[2015-12-11 16:43:47 main] org.springframework.beans.factory.xml.XmlBeanDefinitionReader 317: Loading XML bean definitions from class path resource [conf/module/activemq-context.xml]
[2015-12-11 16:43:47 main] org.springframework.beans.factory.xml.XmlBeanDefinitionReader 317: Loading XML bean definitions from class path resource [conf/module/mongo-context.xml]
[2015-12-11 16:43:47 main] org.springframework.beans.factory.xml.XmlBeanDefinitionReader 317: Loading XML bean definitions from class path resource [conf/module/mongo-context.xml]
[2015-12-11 16:43:47 main] org.springframework.beans.factory.support.DefaultListableBeanFactory 829: Overriding bean definition for bean 'mongo': replacing [Generic bean: class [org.springframework.data.mongodb.core.MongoFactoryBean]; scope=; abstract=false; lazyInit=false; autowireMode=0; dependencyCheck=0; autowireCandidate=true; primary=false; factoryBeanName=null; factoryMethodName=null; initMethodName=null; destroyMethodName=null] with [Generic bean: class [org.springframework.data.mongodb.core.MongoFactoryBean]; scope=; abstract=false; lazyInit=false; autowireMode=0; dependencyCheck=0; autowireCandidate=true; primary=false; factoryBeanName=null; factoryMethodName=null; initMethodName=null; destroyMethodName=null]
[2015-12-11 16:43:47 main] org.springframework.beans.factory.support.DefaultListableBeanFactory 829: Overriding bean definition for bean 'mongoDbFactory': replacing [Generic bean: class [org.springframework.data.mongodb.core.SimpleMongoDbFactory]; scope=; abstract=false; lazyInit=false; autowireMode=0; dependencyCheck=0; autowireCandidate=true; primary=false; factoryBeanName=null; factoryMethodName=null; initMethodName=null; destroyMethodName=null] with [Generic bean: class [org.springframework.data.mongodb.core.SimpleMongoDbFactory]; scope=; abstract=false; lazyInit=false; autowireMode=0; dependencyCheck=0; autowireCandidate=true; primary=false; factoryBeanName=null; factoryMethodName=null; initMethodName=null; destroyMethodName=null]
[2015-12-11 16:43:47 main] org.springframework.beans.factory.support.DefaultListableBeanFactory 829: Overriding bean definition for bean 'mongoTemplate': replacing [Generic bean: class [org.springframework.data.mongodb.core.MongoTemplate]; scope=; abstract=false; lazyInit=false; autowireMode=0; dependencyCheck=0; autowireCandidate=true; primary=false; factoryBeanName=null; factoryMethodName=null; initMethodName=null; destroyMethodName=null; defined in class path resource [conf/module/mongo-context.xml]] with [Generic bean: class [org.springframework.data.mongodb.core.MongoTemplate]; scope=; abstract=false; lazyInit=false; autowireMode=0; dependencyCheck=0; autowireCandidate=true; primary=false; factoryBeanName=null; factoryMethodName=null; initMethodName=null; destroyMethodName=null; defined in class path resource [conf/module/mongo-context.xml]]
[2015-12-11 16:43:47 main] org.springframework.core.io.support.PropertiesLoaderSupport 172: Loading properties file from class path resource [conf/custom/dev-conf.properties]
[2015-12-11 16:43:47 main] org.springframework.core.io.support.PropertiesLoaderSupport 172: Loading properties file from class path resource [conf/custom/dev-env.properties]
[2015-12-11 17:04:49 main] org.springframework.context.support.AbstractApplicationContext 510: Refreshing org.springframework.context.support.ClassPathXmlApplicationContext@12cdcf4: startup date [Fri Dec 11 17:04:49 CST 2015]; root of context hierarchy
[2015-12-11 17:04:49 main] org.springframework.beans.factory.xml.XmlBeanDefinitionReader 317: Loading XML bean definitions from class path resource [applicationContext.xml]
[2015-12-11 17:04:49 main] org.springframework.beans.factory.xml.XmlBeanDefinitionReader 317: Loading XML bean definitions from class path resource [conf/core/dev-context.xml]
[2015-12-11 17:04:49 main] org.springframework.beans.factory.xml.XmlBeanDefinitionReader 317: Loading XML bean definitions from class path resource [conf/module/spring-datasource.xml]
[2015-12-11 17:04:49 main] org.springframework.beans.factory.xml.XmlBeanDefinitionReader 317: Loading XML bean definitions from class path resource [conf/module/redis-context.xml]
[2015-12-11 17:04:49 main] org.springframework.beans.factory.xml.XmlBeanDefinitionReader 317: Loading XML bean definitions from class path resource [conf/module/activemq-context.xml]
[2015-12-11 17:04:50 main] org.springframework.beans.factory.xml.XmlBeanDefinitionReader 317: Loading XML bean definitions from class path resource [conf/module/mongo-context.xml]
[2015-12-11 17:04:50 main] org.springframework.core.io.support.PropertiesLoaderSupport 172: Loading properties file from class path resource [conf/custom/dev-conf.properties]
[2015-12-11 17:04:50 main] org.springframework.core.io.support.PropertiesLoaderSupport 172: Loading properties file from class path resource [conf/custom/dev-env.properties]
[2015-12-11 17:05:08 main] org.springframework.context.support.AbstractApplicationContext 510: Refreshing org.springframework.context.support.ClassPathXmlApplicationContext@cb51256: startup date [Fri Dec 11 17:05:08 CST 2015]; root of context hierarchy
[2015-12-11 17:05:08 main] org.springframework.beans.factory.xml.XmlBeanDefinitionReader 317: Loading XML bean definitions from class path resource [applicationContext.xml]
[2015-12-11 17:05:08 main] org.springframework.beans.factory.xml.XmlBeanDefinitionReader 317: Loading XML bean definitions from class path resource [conf/core/dev-context.xml]
[2015-12-11 17:05:09 main] org.springframework.beans.factory.xml.XmlBeanDefinitionReader 317: Loading XML bean definitions from class path resource [conf/module/spring-datasource.xml]
[2015-12-11 17:05:09 main] org.springframework.beans.factory.xml.XmlBeanDefinitionReader 317: Loading XML bean definitions from class path resource [conf/module/redis-context.xml]
[2015-12-11 17:05:09 main] org.springframework.beans.factory.xml.XmlBeanDefinitionReader 317: Loading XML bean definitions from class path resource [conf/module/activemq-context.xml]
[2015-12-11 17:05:09 main] org.springframework.beans.factory.xml.XmlBeanDefinitionReader 317: Loading XML bean definitions from class path resource [conf/module/mongo-context.xml]
[2015-12-11 17:05:09 main] org.springframework.core.io.support.PropertiesLoaderSupport 172: Loading properties file from class path resource [conf/custom/dev-conf.properties]
[2015-12-11 17:05:09 main] org.springframework.core.io.support.PropertiesLoaderSupport 172: Loading properties file from class path resource [conf/custom/dev-env.properties]
[2015-12-11 17:05:59 main] org.springframework.context.support.AbstractApplicationContext 510: Refreshing org.springframework.context.support.ClassPathXmlApplicationContext@cb51256: startup date [Fri Dec 11 17:05:59 CST 2015]; root of context hierarchy
[2015-12-11 17:05:59 main] org.springframework.beans.factory.xml.XmlBeanDefinitionReader 317: Loading XML bean definitions from class path resource [applicationContext.xml]
[2015-12-11 17:05:59 main] org.springframework.beans.factory.xml.XmlBeanDefinitionReader 317: Loading XML bean definitions from class path resource [conf/core/dev-context.xml]
[2015-12-11 17:05:59 main] org.springframework.beans.factory.xml.XmlBeanDefinitionReader 317: Loading XML bean definitions from class path resource [conf/module/spring-datasource.xml]
[2015-12-11 17:05:59 main] org.springframework.beans.factory.xml.XmlBeanDefinitionReader 317: Loading XML bean definitions from class path resource [conf/module/redis-context.xml]
[2015-12-11 17:05:59 main] org.springframework.beans.factory.xml.XmlBeanDefinitionReader 317: Loading XML bean definitions from class path resource [conf/module/activemq-context.xml]
[2015-12-11 17:05:59 main] org.springframework.beans.factory.xml.XmlBeanDefinitionReader 317: Loading XML bean definitions from class path resource [conf/module/mongo-context.xml]
[2015-12-11 17:06:00 main] org.springframework.core.io.support.PropertiesLoaderSupport 172: Loading properties file from class path resource [conf/custom/dev-conf.properties]
[2015-12-11 17:06:00 main] org.springframework.core.io.support.PropertiesLoaderSupport 172: Loading properties file from class path resource [conf/custom/dev-env.properties]
[2015-12-11 17:08:43 main] org.springframework.context.support.AbstractApplicationContext 510: Refreshing org.springframework.context.support.ClassPathXmlApplicationContext@cb51256: startup date [Fri Dec 11 17:08:43 CST 2015]; root of context hierarchy
[2015-12-11 17:08:43 main] org.springframework.beans.factory.xml.XmlBeanDefinitionReader 317: Loading XML bean definitions from class path resource [applicationContext.xml]
[2015-12-11 17:08:43 main] org.springframework.beans.factory.xml.XmlBeanDefinitionReader 317: Loading XML bean definitions from class path resource [conf/core/dev-context.xml]
[2015-12-11 17:08:43 main] org.springframework.beans.factory.xml.XmlBeanDefinitionReader 317: Loading XML bean definitions from class path resource [conf/module/spring-datasource.xml]
[2015-12-11 17:08:43 main] org.springframework.beans.factory.xml.XmlBeanDefinitionReader 317: Loading XML bean definitions from class path resource [conf/module/redis-context.xml]
[2015-12-11 17:08:43 main] org.springframework.beans.factory.xml.XmlBeanDefinitionReader 317: Loading XML bean definitions from class path resource [conf/module/activemq-context.xml]
[2015-12-11 17:08:44 main] org.springframework.beans.factory.xml.XmlBeanDefinitionReader 317: Loading XML bean definitions from class path resource [conf/module/mongo-context.xml]
[2015-12-11 17:08:44 main] org.springframework.core.io.support.PropertiesLoaderSupport 172: Loading properties file from class path resource [conf/custom/dev-conf.properties]
[2015-12-11 17:08:44 main] org.springframework.core.io.support.PropertiesLoaderSupport 172: Loading properties file from class path resource [conf/custom/dev-env.properties]
[2015-12-11 17:10:42 main] org.springframework.context.support.AbstractApplicationContext 510: Refreshing org.springframework.context.support.ClassPathXmlApplicationContext@cb51256: startup date [Fri Dec 11 17:10:42 CST 2015]; root of context hierarchy
[2015-12-11 17:10:42 main] org.springframework.beans.factory.xml.XmlBeanDefinitionReader 317: Loading XML bean definitions from class path resource [applicationContext.xml]
[2015-12-11 17:10:42 main] org.springframework.beans.factory.xml.XmlBeanDefinitionReader 317: Loading XML bean definitions from class path resource [conf/core/dev-context.xml]
[2015-12-11 17:10:42 main] org.springframework.beans.factory.xml.XmlBeanDefinitionReader 317: Loading XML bean definitions from class path resource [conf/module/spring-datasource.xml]
[2015-12-11 17:10:42 main] org.springframework.beans.factory.xml.XmlBeanDefinitionReader 317: Loading XML bean definitions from class path resource [conf/module/redis-context.xml]
[2015-12-11 17:10:42 main] org.springframework.beans.factory.xml.XmlBeanDefinitionReader 317: Loading XML bean definitions from class path resource [conf/module/activemq-context.xml]
[2015-12-11 17:10:43 main] org.springframework.beans.factory.xml.XmlBeanDefinitionReader 317: Loading XML bean definitions from class path resource [conf/module/mongo-context.xml]
[2015-12-11 17:10:43 main] org.springframework.core.io.support.PropertiesLoaderSupport 172: Loading properties file from class path resource [conf/custom/dev-conf.properties]
[2015-12-11 17:10:43 main] org.springframework.core.io.support.PropertiesLoaderSupport 172: Loading properties file from class path resource [conf/custom/dev-env.properties]
[2015-12-11 17:15:31 main] org.springframework.context.support.AbstractApplicationContext 510: Refreshing org.springframework.context.support.ClassPathXmlApplicationContext@cb51256: startup date [Fri Dec 11 17:15:31 CST 2015]; root of context hierarchy
[2015-12-11 17:15:31 main] org.springframework.beans.factory.xml.XmlBeanDefinitionReader 317: Loading XML bean definitions from class path resource [applicationContext.xml]
[2015-12-11 17:15:32 main] org.springframework.beans.factory.xml.XmlBeanDefinitionReader 317: Loading XML bean definitions from class path resource [conf/core/dev-context.xml]
[2015-12-11 17:15:32 main] org.springframework.beans.factory.xml.XmlBeanDefinitionReader 317: Loading XML bean definitions from class path resource [conf/module/spring-datasource.xml]
[2015-12-11 17:15:32 main] org.springframework.beans.factory.xml.XmlBeanDefinitionReader 317: Loading XML bean definitions from class path resource [conf/module/redis-context.xml]
[2015-12-11 17:15:32 main] org.springframework.beans.factory.xml.XmlBeanDefinitionReader 317: Loading XML bean definitions from class path resource [conf/module/activemq-context.xml]
[2015-12-11 17:15:32 main] org.springframework.beans.factory.xml.XmlBeanDefinitionReader 317: Loading XML bean definitions from class path resource [conf/module/mongo-context.xml]
[2015-12-11 17:15:32 main] org.springframework.core.io.support.PropertiesLoaderSupport 172: Loading properties file from class path resource [conf/custom/dev-conf.properties]
[2015-12-11 17:15:32 main] org.springframework.core.io.support.PropertiesLoaderSupport 172: Loading properties file from class path resource [conf/custom/dev-env.properties]
[2015-12-14 10:14:58 main] org.springframework.context.support.AbstractApplicationContext 510: Refreshing org.springframework.context.support.ClassPathXmlApplicationContext@12cdcf4: startup date [Mon Dec 14 10:14:58 CST 2015]; root of context hierarchy
[2015-12-14 10:14:58 main] org.springframework.beans.factory.xml.XmlBeanDefinitionReader 317: Loading XML bean definitions from class path resource [applicationContext.xml]
[2015-12-14 10:14:58 main] org.springframework.beans.factory.xml.XmlBeanDefinitionReader 317: Loading XML bean definitions from class path resource [conf/core/dev-context.xml]
[2015-12-14 10:14:58 main] org.springframework.beans.factory.xml.XmlBeanDefinitionReader 317: Loading XML bean definitions from class path resource [conf/module/spring-datasource.xml]
[2015-12-14 10:14:58 main] org.springframework.beans.factory.xml.XmlBeanDefinitionReader 317: Loading XML bean definitions from class path resource [conf/module/redis-context.xml]
[2015-12-14 10:14:58 main] org.springframework.beans.factory.xml.XmlBeanDefinitionReader 317: Loading XML bean definitions from class path resource [conf/module/activemq-context.xml]
[2015-12-14 10:14:58 main] org.springframework.beans.factory.xml.XmlBeanDefinitionReader 317: Loading XML bean definitions from class path resource [conf/module/mongo-context.xml]
[2015-12-14 10:14:59 main] org.springframework.core.io.support.PropertiesLoaderSupport 172: Loading properties file from class path resource [conf/custom/dev-conf.properties]
[2015-12-14 10:14:59 main] org.springframework.core.io.support.PropertiesLoaderSupport 172: Loading properties file from class path resource [conf/custom/dev-env.properties]
[2015-12-14 13:04:48 main] org.springframework.context.support.AbstractApplicationContext 510: Refreshing org.springframework.context.support.ClassPathXmlApplicationContext@cb51256: startup date [Mon Dec 14 13:04:48 CST 2015]; root of context hierarchy
[2015-12-14 13:04:48 main] org.springframework.beans.factory.xml.XmlBeanDefinitionReader 317: Loading XML bean definitions from class path resource [applicationContext.xml]
[2015-12-14 13:04:48 main] org.springframework.beans.factory.xml.XmlBeanDefinitionReader 317: Loading XML bean definitions from class path resource [conf/core/dev-context.xml]
[2015-12-14 13:04:48 main] org.springframework.beans.factory.xml.XmlBeanDefinitionReader 317: Loading XML bean definitions from class path resource [conf/module/spring-datasource.xml]
[2015-12-14 13:04:48 main] org.springframework.beans.factory.xml.XmlBeanDefinitionReader 317: Loading XML bean definitions from class path resource [conf/module/redis-context.xml]
[2015-12-14 13:04:48 main] org.springframework.beans.factory.xml.XmlBeanDefinitionReader 317: Loading XML bean definitions from class path resource [conf/module/activemq-context.xml]
[2015-12-14 13:04:48 main] org.springframework.beans.factory.xml.XmlBeanDefinitionReader 317: Loading XML bean definitions from class path resource [conf/module/mongo-context.xml]
[2015-12-14 13:04:49 main] org.springframework.core.io.support.PropertiesLoaderSupport 172: Loading properties file from class path resource [conf/custom/dev-conf.properties]
[2015-12-14 13:04:49 main] org.springframework.core.io.support.PropertiesLoaderSupport 172: Loading properties file from class path resource [conf/custom/dev-env.properties]
[2015-12-14 13:07:20 main] org.springframework.context.support.AbstractApplicationContext 510: Refreshing org.springframework.context.support.ClassPathXmlApplicationContext@12cdcf4: startup date [Mon Dec 14 13:07:20 CST 2015]; root of context hierarchy
[2015-12-14 13:07:20 main] org.springframework.beans.factory.xml.XmlBeanDefinitionReader 317: Loading XML bean definitions from class path resource [applicationContext.xml]
[2015-12-14 13:07:20 main] org.springframework.beans.factory.xml.XmlBeanDefinitionReader 317: Loading XML bean definitions from class path resource [conf/core/dev-context.xml]
[2015-12-14 13:07:20 main] org.springframework.beans.factory.xml.XmlBeanDefinitionReader 317: Loading XML bean definitions from class path resource [conf/module/spring-datasource.xml]
[2015-12-14 13:07:20 main] org.springframework.beans.factory.xml.XmlBeanDefinitionReader 317: Loading XML bean definitions from class path resource [conf/module/redis-context.xml]
[2015-12-14 13:07:20 main] org.springframework.beans.factory.xml.XmlBeanDefinitionReader 317: Loading XML bean definitions from class path resource [conf/module/activemq-context.xml]
[2015-12-14 13:07:20 main] org.springframework.beans.factory.xml.XmlBeanDefinitionReader 317: Loading XML bean definitions from class path resource [conf/module/mongo-context.xml]
[2015-12-14 13:07:20 main] org.springframework.core.io.support.PropertiesLoaderSupport 172: Loading properties file from class path resource [conf/custom/dev-conf.properties]
[2015-12-14 13:07:20 main] org.springframework.core.io.support.PropertiesLoaderSupport 172: Loading properties file from class path resource [conf/custom/dev-env.properties]
[2015-12-14 13:08:33 main] org.springframework.context.support.AbstractApplicationContext 510: Refreshing org.springframework.context.support.ClassPathXmlApplicationContext@cb51256: startup date [Mon Dec 14 13:08:33 CST 2015]; root of context hierarchy
[2015-12-14 13:08:33 main] org.springframework.beans.factory.xml.XmlBeanDefinitionReader 317: Loading XML bean definitions from class path resource [applicationContext.xml]
[2015-12-14 13:08:33 main] org.springframework.beans.factory.xml.XmlBeanDefinitionReader 317: Loading XML bean definitions from class path resource [conf/core/dev-context.xml]
[2015-12-14 13:08:33 main] org.springframework.beans.factory.xml.XmlBeanDefinitionReader 317: Loading XML bean definitions from class path resource [conf/module/spring-datasource.xml]
[2015-12-14 13:08:33 main] org.springframework.beans.factory.xml.XmlBeanDefinitionReader 317: Loading XML bean definitions from class path resource [conf/module/redis-context.xml]
[2015-12-14 13:08:33 main] org.springframework.beans.factory.xml.XmlBeanDefinitionReader 317: Loading XML bean definitions from class path resource [conf/module/activemq-context.xml]
[2015-12-14 13:08:33 main] org.springframework.beans.factory.xml.XmlBeanDefinitionReader 317: Loading XML bean definitions from class path resource [conf/module/mongo-context.xml]
[2015-12-14 13:08:33 main] org.springframework.core.io.support.PropertiesLoaderSupport 172: Loading properties file from class path resource [conf/custom/dev-conf.properties]
[2015-12-14 13:08:33 main] org.springframework.core.io.support.PropertiesLoaderSupport 172: Loading properties file from class path resource [conf/custom/dev-env.properties]
[2015-12-14 13:12:18 main] org.springframework.context.support.AbstractApplicationContext 510: Refreshing org.springframework.context.support.ClassPathXmlApplicationContext@12cdcf4: startup date [Mon Dec 14 13:12:18 CST 2015]; root of context hierarchy
[2015-12-14 13:12:18 main] org.springframework.beans.factory.xml.XmlBeanDefinitionReader 317: Loading XML bean definitions from class path resource [applicationContext.xml]
[2015-12-14 13:12:18 main] org.springframework.beans.factory.xml.XmlBeanDefinitionReader 317: Loading XML bean definitions from class path resource [conf/core/dev-context.xml]
[2015-12-14 13:12:18 main] org.springframework.beans.factory.xml.XmlBeanDefinitionReader 317: Loading XML bean definitions from class path resource [conf/module/spring-datasource.xml]
[2015-12-14 13:12:18 main] org.springframework.beans.factory.xml.XmlBeanDefinitionReader 317: Loading XML bean definitions from class path resource [conf/module/redis-context.xml]
[2015-12-14 13:12:18 main] org.springframework.beans.factory.xml.XmlBeanDefinitionReader 317: Loading XML bean definitions from class path resource [conf/module/activemq-context.xml]
[2015-12-14 13:12:18 main] org.springframework.beans.factory.xml.XmlBeanDefinitionReader 317: Loading XML bean definitions from class path resource [conf/module/mongo-context.xml]
[2015-12-14 13:12:19 main] org.springframework.core.io.support.PropertiesLoaderSupport 172: Loading properties file from class path resource [conf/custom/dev-conf.properties]
[2015-12-14 13:12:19 main] org.springframework.core.io.support.PropertiesLoaderSupport 172: Loading properties file from class path resource [conf/custom/dev-env.properties]
[2015-12-14 13:14:12 main] org.springframework.context.support.AbstractApplicationContext 510: Refreshing org.springframework.context.support.ClassPathXmlApplicationContext@cb51256: startup date [Mon Dec 14 13:14:12 CST 2015]; root of context hierarchy
[2015-12-14 13:14:12 main] org.springframework.beans.factory.xml.XmlBeanDefinitionReader 317: Loading XML bean definitions from class path resource [applicationContext.xml]
[2015-12-14 13:14:12 main] org.springframework.beans.factory.xml.XmlBeanDefinitionReader 317: Loading XML bean definitions from class path resource [conf/core/dev-context.xml]
[2015-12-14 13:14:12 main] org.springframework.beans.factory.xml.XmlBeanDefinitionReader 317: Loading XML bean definitions from class path resource [conf/module/spring-datasource.xml]
[2015-12-14 13:14:12 main] org.springframework.beans.factory.xml.XmlBeanDefinitionReader 317: Loading XML bean definitions from class path resource [conf/module/redis-context.xml]
[2015-12-14 13:14:12 main] org.springframework.beans.factory.xml.XmlBeanDefinitionReader 317: Loading XML bean definitions from class path resource [conf/module/activemq-context.xml]
[2015-12-14 13:14:13 main] org.springframework.beans.factory.xml.XmlBeanDefinitionReader 317: Loading XML bean definitions from class path resource [conf/module/mongo-context.xml]
[2015-12-14 13:14:13 main] org.springframework.core.io.support.PropertiesLoaderSupport 172: Loading properties file from class path resource [conf/custom/dev-conf.properties]
[2015-12-14 13:14:13 main] org.springframework.core.io.support.PropertiesLoaderSupport 172: Loading properties file from class path resource [conf/custom/dev-env.properties]
[2015-12-14 13:16:06 main] org.springframework.context.support.AbstractApplicationContext 510: Refreshing org.springframework.context.support.ClassPathXmlApplicationContext@12cdcf4: startup date [Mon Dec 14 13:16:06 CST 2015]; root of context hierarchy
[2015-12-14 13:16:06 main] org.springframework.beans.factory.xml.XmlBeanDefinitionReader 317: Loading XML bean definitions from class path resource [applicationContext.xml]
[2015-12-14 13:16:06 main] org.springframework.beans.factory.xml.XmlBeanDefinitionReader 317: Loading XML bean definitions from class path resource [conf/core/dev-context.xml]
[2015-12-14 13:16:06 main] org.springframework.beans.factory.xml.XmlBeanDefinitionReader 317: Loading XML bean definitions from class path resource [conf/module/spring-datasource.xml]
[2015-12-14 13:16:06 main] org.springframework.beans.factory.xml.XmlBeanDefinitionReader 317: Loading XML bean definitions from class path resource [conf/module/redis-context.xml]
[2015-12-14 13:16:06 main] org.springframework.beans.factory.xml.XmlBeanDefinitionReader 317: Loading XML bean definitions from class path resource [conf/module/activemq-context.xml]
[2015-12-14 13:16:06 main] org.springframework.beans.factory.xml.XmlBeanDefinitionReader 317: Loading XML bean definitions from class path resource [conf/module/mongo-context.xml]
[2015-12-14 13:16:07 main] org.springframework.core.io.support.PropertiesLoaderSupport 172: Loading properties file from class path resource [conf/custom/dev-conf.properties]
[2015-12-14 13:16:07 main] org.springframework.core.io.support.PropertiesLoaderSupport 172: Loading properties file from class path resource [conf/custom/dev-env.properties]
[2015-12-14 13:17:28 main] org.springframework.context.support.AbstractApplicationContext 510: Refreshing org.springframework.context.support.ClassPathXmlApplicationContext@cb51256: startup date [Mon Dec 14 13:17:28 CST 2015]; root of context hierarchy
[2015-12-14 13:17:28 main] org.springframework.beans.factory.xml.XmlBeanDefinitionReader 317: Loading XML bean definitions from class path resource [applicationContext.xml]
[2015-12-14 13:17:28 main] org.springframework.beans.factory.xml.XmlBeanDefinitionReader 317: Loading XML bean definitions from class path resource [conf/core/dev-context.xml]
[2015-12-14 13:17:28 main] org.springframework.beans.factory.xml.XmlBeanDefinitionReader 317: Loading XML bean definitions from class path resource [conf/module/spring-datasource.xml]
[2015-12-14 13:17:28 main] org.springframework.beans.factory.xml.XmlBeanDefinitionReader 317: Loading XML bean definitions from class path resource [conf/module/redis-context.xml]
[2015-12-14 13:17:28 main] org.springframework.beans.factory.xml.XmlBeanDefinitionReader 317: Loading XML bean definitions from class path resource [conf/module/activemq-context.xml]
[2015-12-14 13:17:29 main] org.springframework.beans.factory.xml.XmlBeanDefinitionReader 317: Loading XML bean definitions from class path resource [conf/module/mongo-context.xml]
[2015-12-14 13:17:29 main] org.springframework.core.io.support.PropertiesLoaderSupport 172: Loading properties file from class path resource [conf/custom/dev-conf.properties]
[2015-12-14 13:17:29 main] org.springframework.core.io.support.PropertiesLoaderSupport 172: Loading properties file from class path resource [conf/custom/dev-env.properties]
[2015-12-14 13:19:14 main] org.springframework.context.support.AbstractApplicationContext 510: Refreshing org.springframework.context.support.ClassPathXmlApplicationContext@12cdcf4: startup date [Mon Dec 14 13:19:14 CST 2015]; root of context hierarchy
[2015-12-14 13:19:14 main] org.springframework.beans.factory.xml.XmlBeanDefinitionReader 317: Loading XML bean definitions from class path resource [applicationContext.xml]
[2015-12-14 13:19:14 main] org.springframework.beans.factory.xml.XmlBeanDefinitionReader 317: Loading XML bean definitions from class path resource [conf/core/dev-context.xml]
[2015-12-14 13:19:14 main] org.springframework.beans.factory.xml.XmlBeanDefinitionReader 317: Loading XML bean definitions from class path resource [conf/module/spring-datasource.xml]
[2015-12-14 13:19:14 main] org.springframework.beans.factory.xml.XmlBeanDefinitionReader 317: Loading XML bean definitions from class path resource [conf/module/redis-context.xml]
[2015-12-14 13:19:14 main] org.springframework.beans.factory.xml.XmlBeanDefinitionReader 317: Loading XML bean definitions from class path resource [conf/module/activemq-context.xml]
[2015-12-14 13:19:14 main] org.springframework.beans.factory.xml.XmlBeanDefinitionReader 317: Loading XML bean definitions from class path resource [conf/module/mongo-context.xml]
[2015-12-14 13:19:14 main] org.springframework.core.io.support.PropertiesLoaderSupport 172: Loading properties file from class path resource [conf/custom/dev-conf.properties]
[2015-12-14 13:19:14 main] org.springframework.core.io.support.PropertiesLoaderSupport 172: Loading properties file from class path resource [conf/custom/dev-env.properties]
[2015-12-14 13:40:27 main] org.springframework.context.support.AbstractApplicationContext 510: Refreshing org.springframework.context.support.ClassPathXmlApplicationContext@12cdcf4: startup date [Mon Dec 14 13:40:27 CST 2015]; root of context hierarchy
[2015-12-14 13:40:27 main] org.springframework.beans.factory.xml.XmlBeanDefinitionReader 317: Loading XML bean definitions from class path resource [applicationContext.xml]
[2015-12-14 13:40:27 main] org.springframework.beans.factory.xml.XmlBeanDefinitionReader 317: Loading XML bean definitions from class path resource [conf/core/dev-context.xml]
[2015-12-14 13:40:27 main] org.springframework.beans.factory.xml.XmlBeanDefinitionReader 317: Loading XML bean definitions from class path resource [conf/module/spring-datasource.xml]
[2015-12-14 13:40:28 main] org.springframework.beans.factory.xml.XmlBeanDefinitionReader 317: Loading XML bean definitions from class path resource [conf/module/redis-context.xml]
[2015-12-14 13:40:28 main] org.springframework.beans.factory.xml.XmlBeanDefinitionReader 317: Loading XML bean definitions from class path resource [conf/module/activemq-context.xml]
[2015-12-14 13:40:28 main] org.springframework.beans.factory.xml.XmlBeanDefinitionReader 317: Loading XML bean definitions from class path resource [conf/module/mongo-context.xml]
[2015-12-14 13:40:28 main] org.springframework.core.io.support.PropertiesLoaderSupport 172: Loading properties file from class path resource [conf/custom/dev-conf.properties]
[2015-12-14 13:40:28 main] org.springframework.core.io.support.PropertiesLoaderSupport 172: Loading properties file from class path resource [conf/custom/dev-env.properties]
[2015-12-14 13:44:14 main] org.springframework.context.support.AbstractApplicationContext 510: Refreshing org.springframework.context.support.ClassPathXmlApplicationContext@12cdcf4: startup date [Mon Dec 14 13:44:14 CST 2015]; root of context hierarchy
[2015-12-14 13:44:14 main] org.springframework.beans.factory.xml.XmlBeanDefinitionReader 317: Loading XML bean definitions from class path resource [applicationContext.xml]
[2015-12-14 13:44:14 main] org.springframework.beans.factory.xml.XmlBeanDefinitionReader 317: Loading XML bean definitions from class path resource [conf/core/dev-context.xml]
[2015-12-14 13:44:14 main] org.springframework.beans.factory.xml.XmlBeanDefinitionReader 317: Loading XML bean definitions from class path resource [conf/module/spring-datasource.xml]
[2015-12-14 13:44:15 main] org.springframework.beans.factory.xml.XmlBeanDefinitionReader 317: Loading XML bean definitions from class path resource [conf/module/redis-context.xml]
[2015-12-14 13:44:15 main] org.springframework.beans.factory.xml.XmlBeanDefinitionReader 317: Loading XML bean definitions from class path resource [conf/module/activemq-context.xml]
[2015-12-14 13:44:15 main] org.springframework.beans.factory.xml.XmlBeanDefinitionReader 317: Loading XML bean definitions from class path resource [conf/module/mongo-context.xml]
[2015-12-14 13:44:15 main] org.springframework.core.io.support.PropertiesLoaderSupport 172: Loading properties file from class path resource [conf/custom/dev-conf.properties]
[2015-12-14 13:44:15 main] org.springframework.core.io.support.PropertiesLoaderSupport 172: Loading properties file from class path resource [conf/custom/dev-env.properties]
[2015-12-14 13:47:09 main] org.springframework.context.support.AbstractApplicationContext 510: Refreshing org.springframework.context.support.ClassPathXmlApplicationContext@cb51256: startup date [Mon Dec 14 13:47:09 CST 2015]; root of context hierarchy
[2015-12-14 13:47:09 main] org.springframework.beans.factory.xml.XmlBeanDefinitionReader 317: Loading XML bean definitions from class path resource [applicationContext.xml]
[2015-12-14 13:47:09 main] org.springframework.beans.factory.xml.XmlBeanDefinitionReader 317: Loading XML bean definitions from class path resource [conf/core/dev-context.xml]
[2015-12-14 13:47:09 main] org.springframework.beans.factory.xml.XmlBeanDefinitionReader 317: Loading XML bean definitions from class path resource [conf/module/spring-datasource.xml]
[2015-12-14 13:47:09 main] org.springframework.beans.factory.xml.XmlBeanDefinitionReader 317: Loading XML bean definitions from class path resource [conf/module/redis-context.xml]
[2015-12-14 13:47:09 main] org.springframework.beans.factory.xml.XmlBeanDefinitionReader 317: Loading XML bean definitions from class path resource [conf/module/activemq-context.xml]
[2015-12-14 13:47:09 main] org.springframework.beans.factory.xml.XmlBeanDefinitionReader 317: Loading XML bean definitions from class path resource [conf/module/mongo-context.xml]
[2015-12-14 13:47:10 main] org.springframework.core.io.support.PropertiesLoaderSupport 172: Loading properties file from class path resource [conf/custom/dev-conf.properties]
[2015-12-14 13:47:10 main] org.springframework.core.io.support.PropertiesLoaderSupport 172: Loading properties file from class path resource [conf/custom/dev-env.properties]
[2015-12-14 14:40:23 main] org.springframework.context.support.AbstractApplicationContext 510: Refreshing org.springframework.context.support.ClassPathXmlApplicationContext@12cdcf4: startup date [Mon Dec 14 14:40:23 CST 2015]; root of context hierarchy
[2015-12-14 14:40:23 main] org.springframework.beans.factory.xml.XmlBeanDefinitionReader 317: Loading XML bean definitions from class path resource [applicationContext.xml]
[2015-12-14 14:40:23 main] org.springframework.beans.factory.xml.XmlBeanDefinitionReader 317: Loading XML bean definitions from class path resource [conf/core/dev-context.xml]
[2015-12-14 14:40:23 main] org.springframework.beans.factory.xml.XmlBeanDefinitionReader 317: Loading XML bean definitions from class path resource [conf/module/spring-datasource.xml]
[2015-12-14 14:40:24 main] org.springframework.beans.factory.xml.XmlBeanDefinitionReader 317: Loading XML bean definitions from class path resource [conf/module/redis-context.xml]
[2015-12-14 14:40:24 main] org.springframework.beans.factory.xml.XmlBeanDefinitionReader 317: Loading XML bean definitions from class path resource [conf/module/activemq-context.xml]
[2015-12-14 14:40:24 main] org.springframework.beans.factory.xml.XmlBeanDefinitionReader 317: Loading XML bean definitions from class path resource [conf/module/mongo-context.xml]
[2015-12-14 14:40:24 main] org.springframework.core.io.support.PropertiesLoaderSupport 172: Loading properties file from class path resource [conf/custom/dev-conf.properties]
[2015-12-14 14:40:24 main] org.springframework.core.io.support.PropertiesLoaderSupport 172: Loading properties file from class path resource [conf/custom/dev-env.properties]
[2015-12-14 15:16:15 main] org.springframework.context.support.AbstractApplicationContext 510: Refreshing org.springframework.context.support.ClassPathXmlApplicationContext@277c0f21: startup date [Mon Dec 14 15:16:15 CST 2015]; root of context hierarchy
[2015-12-14 15:16:15 main] org.springframework.beans.factory.xml.XmlBeanDefinitionReader 317: Loading XML bean definitions from class path resource [applicationContext.xml]
[2015-12-14 15:16:15 main] org.springframework.beans.factory.xml.XmlBeanDefinitionReader 317: Loading XML bean definitions from class path resource [conf/core/dev-context.xml]
[2015-12-14 15:16:15 main] org.springframework.beans.factory.xml.XmlBeanDefinitionReader 317: Loading XML bean definitions from class path resource [conf/module/spring-datasource.xml]
[2015-12-14 15:16:15 main] org.springframework.beans.factory.xml.XmlBeanDefinitionReader 317: Loading XML bean definitions from class path resource [conf/module/redis-context.xml]
[2015-12-14 15:16:15 main] org.springframework.beans.factory.xml.XmlBeanDefinitionReader 317: Loading XML bean definitions from class path resource [conf/module/activemq-context.xml]
[2015-12-14 15:16:15 main] org.springframework.beans.factory.xml.XmlBeanDefinitionReader 317: Loading XML bean definitions from class path resource [conf/module/mongo-context.xml]
[2015-12-14 15:16:15 main] org.springframework.core.io.support.PropertiesLoaderSupport 172: Loading properties file from class path resource [conf/custom/dev-conf.properties]
[2015-12-14 15:16:15 main] org.springframework.core.io.support.PropertiesLoaderSupport 172: Loading properties file from class path resource [conf/custom/dev-env.properties]
[2015-12-14 15:16:35 main] org.springframework.context.support.AbstractApplicationContext 510: Refreshing org.springframework.context.support.ClassPathXmlApplicationContext@cb51256: startup date [Mon Dec 14 15:16:35 CST 2015]; root of context hierarchy
[2015-12-14 15:16:35 main] org.springframework.beans.factory.xml.XmlBeanDefinitionReader 317: Loading XML bean definitions from class path resource [applicationContext.xml]
[2015-12-14 15:16:35 main] org.springframework.beans.factory.xml.XmlBeanDefinitionReader 317: Loading XML bean definitions from class path resource [conf/core/dev-context.xml]
[2015-12-14 15:16:36 main] org.springframework.beans.factory.xml.XmlBeanDefinitionReader 317: Loading XML bean definitions from class path resource [conf/module/spring-datasource.xml]
[2015-12-14 15:16:36 main] org.springframework.beans.factory.xml.XmlBeanDefinitionReader 317: Loading XML bean definitions from class path resource [conf/module/redis-context.xml]
[2015-12-14 15:16:36 main] org.springframework.beans.factory.xml.XmlBeanDefinitionReader 317: Loading XML bean definitions from class path resource [conf/module/activemq-context.xml]
[2015-12-14 15:16:37 main] org.springframework.beans.factory.xml.XmlBeanDefinitionReader 317: Loading XML bean definitions from class path resource [conf/module/mongo-context.xml]
[2015-12-14 15:16:39 main] org.springframework.core.io.support.PropertiesLoaderSupport 172: Loading properties file from class path resource [conf/custom/dev-conf.properties]
[2015-12-14 15:16:39 main] org.springframework.core.io.support.PropertiesLoaderSupport 172: Loading properties file from class path resource [conf/custom/dev-env.properties]
[2015-12-14 16:16:37 main] org.springframework.context.support.AbstractApplicationContext 510: Refreshing org.springframework.context.support.ClassPathXmlApplicationContext@11758f2a: startup date [Mon Dec 14 16:16:37 CST 2015]; root of context hierarchy
[2015-12-14 16:16:37 main] org.springframework.beans.factory.xml.XmlBeanDefinitionReader 317: Loading XML bean definitions from class path resource [applicationContext.xml]
[2015-12-14 16:16:37 main] org.springframework.beans.factory.xml.XmlBeanDefinitionReader 317: Loading XML bean definitions from class path resource [conf/core/dev-context.xml]
[2015-12-14 16:16:37 main] org.springframework.beans.factory.xml.XmlBeanDefinitionReader 317: Loading XML bean definitions from class path resource [conf/module/spring-datasource.xml]
[2015-12-14 16:16:37 main] org.springframework.beans.factory.xml.XmlBeanDefinitionReader 317: Loading XML bean definitions from class path resource [conf/module/redis-context.xml]
[2015-12-14 16:16:37 main] org.springframework.beans.factory.xml.XmlBeanDefinitionReader 317: Loading XML bean definitions from class path resource [conf/module/activemq-context.xml]
[2015-12-14 16:16:38 main] org.springframework.beans.factory.xml.XmlBeanDefinitionReader 317: Loading XML bean definitions from class path resource [conf/module/mongo-context.xml]
[2015-12-14 16:16:40 main] org.springframework.core.io.support.PropertiesLoaderSupport 172: Loading properties file from class path resource [conf/custom/dev-conf.properties]
[2015-12-14 16:16:40 main] org.springframework.core.io.support.PropertiesLoaderSupport 172: Loading properties file from class path resource [conf/custom/dev-env.properties]
[2015-12-14 16:36:38 main] org.springframework.context.support.AbstractApplicationContext 510: Refreshing org.springframework.context.support.ClassPathXmlApplicationContext@cb51256: startup date [Mon Dec 14 16:36:38 CST 2015]; root of context hierarchy
[2015-12-14 16:36:38 main] org.springframework.beans.factory.xml.XmlBeanDefinitionReader 317: Loading XML bean definitions from class path resource [applicationContext.xml]
[2015-12-14 16:36:38 main] org.springframework.beans.factory.xml.XmlBeanDefinitionReader 317: Loading XML bean definitions from class path resource [conf/core/dev-context.xml]
[2015-12-14 16:36:38 main] org.springframework.beans.factory.xml.XmlBeanDefinitionReader 317: Loading XML bean definitions from class path resource [conf/module/spring-datasource.xml]
[2015-12-14 16:36:38 main] org.springframework.beans.factory.xml.XmlBeanDefinitionReader 317: Loading XML bean definitions from class path resource [conf/module/redis-context.xml]
[2015-12-14 16:36:38 main] org.springframework.beans.factory.xml.XmlBeanDefinitionReader 317: Loading XML bean definitions from class path resource [conf/module/activemq-context.xml]
[2015-12-14 16:36:38 main] org.springframework.beans.factory.xml.XmlBeanDefinitionReader 317: Loading XML bean definitions from class path resource [conf/module/mongo-context.xml]
[2015-12-14 16:36:39 main] org.springframework.core.io.support.PropertiesLoaderSupport 172: Loading properties file from class path resource [conf/custom/dev-conf.properties]
[2015-12-14 16:36:39 main] org.springframework.core.io.support.PropertiesLoaderSupport 172: Loading properties file from class path resource [conf/custom/dev-env.properties]
[2015-12-14 16:38:03 main] org.springframework.context.support.AbstractApplicationContext 510: Refreshing org.springframework.context.support.ClassPathXmlApplicationContext@cb51256: startup date [Mon Dec 14 16:38:03 CST 2015]; root of context hierarchy
[2015-12-14 16:38:03 main] org.springframework.beans.factory.xml.XmlBeanDefinitionReader 317: Loading XML bean definitions from class path resource [applicationContext.xml]
[2015-12-14 16:38:03 main] org.springframework.beans.factory.xml.XmlBeanDefinitionReader 317: Loading XML bean definitions from class path resource [conf/core/dev-context.xml]
[2015-12-14 16:38:03 main] org.springframework.beans.factory.xml.XmlBeanDefinitionReader 317: Loading XML bean definitions from class path resource [conf/module/spring-datasource.xml]
[2015-12-14 16:38:03 main] org.springframework.beans.factory.xml.XmlBeanDefinitionReader 317: Loading XML bean definitions from class path resource [conf/module/redis-context.xml]
[2015-12-14 16:38:03 main] org.springframework.beans.factory.xml.XmlBeanDefinitionReader 317: Loading XML bean definitions from class path resource [conf/module/activemq-context.xml]
[2015-12-14 16:38:03 main] org.springframework.beans.factory.xml.XmlBeanDefinitionReader 317: Loading XML bean definitions from class path resource [conf/module/mongo-context.xml]
[2015-12-14 16:38:04 main] org.springframework.core.io.support.PropertiesLoaderSupport 172: Loading properties file from class path resource [conf/custom/dev-conf.properties]
[2015-12-14 16:38:04 main] org.springframework.core.io.support.PropertiesLoaderSupport 172: Loading properties file from class path resource [conf/custom/dev-env.properties]
[2015-12-15 19:58:34 main] org.springframework.context.support.AbstractApplicationContext 510: Refreshing org.springframework.context.support.ClassPathXmlApplicationContext@277c0f21: startup date [Tue Dec 15 19:58:34 CST 2015]; root of context hierarchy
[2015-12-15 19:58:34 main] org.springframework.beans.factory.xml.XmlBeanDefinitionReader 317: Loading XML bean definitions from class path resource [applicationContext.xml]
[2015-12-15 19:58:34 main] org.springframework.beans.factory.xml.XmlBeanDefinitionReader 317: Loading XML bean definitions from class path resource [conf/core/dev-context.xml]
